C:\USERS\EVAN\DOCUMENTS\C++ PROGRAMS\KILLITWITHFIRE\KILLITWITHFIRE\X64\DEBUG\MAIN.OBJ
C:\USERS\EVAN\DOCUMENTS\C++ PROGRAMS\KILLITWITHFIRE\KILLITWITHFIRE\X64\DEBUG\VC110.PDB
C:\USERS\EVAN\DOCUMENTS\C++ PROGRAMS\KILLITWITHFIRE\KILLITWITHFIRE\X64\DEBUG\MAP.OBJ
C:\USERS\EVAN\DOCUMENTS\C++ PROGRAMS\KILLITWITHFIRE\KILLITWITHFIRE\X64\DEBUG\TILE.OBJ
C:\USERS\EVAN\DOCUMENTS\C++ PROGRAMS\KILLITWITHFIRE\KILLITWITHFIRE\X64\DEBUG\GLOBALS.OBJ
C:\USERS\EVAN\DOCUMENTS\C++ PROGRAMS\KILLITWITHFIRE\X64\DEBUG\KILLITWITHFIRE.ILK
C:\USERS\EVAN\DOCUMENTS\C++ PROGRAMS\KILLITWITHFIRE\X64\DEBUG\KILLITWITHFIRE.EXE
C:\USERS\EVAN\DOCUMENTS\C++ PROGRAMS\KILLITWITHFIRE\X64\DEBUG\KILLITWITHFIRE.PDB
C:\Users\evan\Documents\c++ programs\killItWithFire\killItWithFire\x64\Debug\Globals.obj
C:\Users\evan\Documents\c++ programs\killItWithFire\killItWithFire\x64\Debug\Main.obj
C:\Users\evan\Documents\c++ programs\killItWithFire\killItWithFire\x64\Debug\Map.obj
C:\Users\evan\Documents\c++ programs\killItWithFire\killItWithFire\x64\Debug\Tile.obj
C:\Users\evan\Documents\c++ programs\killItWithFire\killItWithFire\x64\Debug\cl.command.1.tlog
C:\Users\evan\Documents\c++ programs\killItWithFire\killItWithFire\x64\Debug\CL.read.1.tlog
C:\Users\evan\Documents\c++ programs\killItWithFire\killItWithFire\x64\Debug\CL.write.1.tlog
C:\Users\evan\Documents\c++ programs\killItWithFire\killItWithFire\x64\Debug\link-cvtres.read.1.tlog
C:\Users\evan\Documents\c++ programs\killItWithFire\killItWithFire\x64\Debug\link-cvtres.write.1.tlog
C:\Users\evan\Documents\c++ programs\killItWithFire\killItWithFire\x64\Debug\link-rc.read.1.tlog
C:\Users\evan\Documents\c++ programs\killItWithFire\killItWithFire\x64\Debug\link-rc.write.1.tlog
C:\Users\evan\Documents\c++ programs\killItWithFire\killItWithFire\x64\Debug\link.8924-cvtres.read.1.tlog
C:\Users\evan\Documents\c++ programs\killItWithFire\killItWithFire\x64\Debug\link.8924-cvtres.write.1.tlog
C:\Users\evan\Documents\c++ programs\killItWithFire\killItWithFire\x64\Debug\link.8924-rc.read.1.tlog
C:\Users\evan\Documents\c++ programs\killItWithFire\killItWithFire\x64\Debug\link.8924-rc.write.1.tlog
C:\Users\evan\Documents\c++ programs\killItWithFire\killItWithFire\x64\Debug\link.8924.read.1.tlog
C:\Users\evan\Documents\c++ programs\killItWithFire\killItWithFire\x64\Debug\link.8924.write.1.tlog
C:\Users\evan\Documents\c++ programs\killItWithFire\killItWithFire\x64\Debug\link.command.1.tlog
C:\Users\evan\Documents\c++ programs\killItWithFire\killItWithFire\x64\Debug\link.read.1.tlog
C:\Users\evan\Documents\c++ programs\killItWithFire\killItWithFire\x64\Debug\link.write.1.tlog
C:\Users\evan\Documents\c++ programs\killItWithFire\killItWithFire\x64\Debug\vc110.idb
C:\Users\evan\Documents\c++ programs\killItWithFire\killItWithFire\x64\Debug\vc110.pdb
C:\Users\evan\Documents\c++ programs\killItWithFire\x64\Debug\killItWithFire.pdb
C:\Users\evan\Documents\c++ programs\killItWithFire\x64\Debug\killItWithFire.exe
C:\Users\evan\Documents\c++ programs\killItWithFire\x64\Debug\killItWithFire.ilk
